[I 19:04:58.845 NotebookApp] [nb_conda_kernels] enabled, 4 kernels found
[I 19:04:59.013 NotebookApp] Serving notebooks from local directory: /root/Min/Ptab
[I 19:04:59.014 NotebookApp] Jupyter Notebook 6.5.2 is running at:
[I 19:04:59.014 NotebookApp] http://localhost:8800/?token=cdac52fa63f1bbca8476aa3bf8596f6e13e979be6e34b58d
[I 19:04:59.014 NotebookApp]  or http://127.0.0.1:8800/?token=cdac52fa63f1bbca8476aa3bf8596f6e13e979be6e34b58d
[I 19:04:59.014 NotebookApp] Use Control-C to stop this server and shut down all kernels (twice to skip confirmation).
[W 19:04:59.040 NotebookApp] No web browser found: could not locate runnable browser.
[C 19:04:59.041 NotebookApp] 
    
    To access the notebook, open this file in a browser:
        file:///root/.local/share/jupyter/runtime/nbserver-697278-open.html
    Or copy and paste one of these URLs:
        http://localhost:8800/?token=cdac52fa63f1bbca8476aa3bf8596f6e13e979be6e34b58d
     or http://127.0.0.1:8800/?token=cdac52fa63f1bbca8476aa3bf8596f6e13e979be6e34b58d
[I 19:05:10.850 NotebookApp] 302 GET /?token=cdac52fa63f1bbca8476aa3bf8596f6e13e979b (127.0.0.1) 0.880000ms
[I 19:05:10.912 NotebookApp] 302 GET /tree?token=cdac52fa63f1bbca8476aa3bf8596f6e13e979b (127.0.0.1) 1.760000ms
[W 19:05:11.991 NotebookApp] 404 GET /apple-touch-icon-precomposed.png (127.0.0.1) 12.960000ms referer=None
[W 19:05:12.048 NotebookApp] 404 GET /apple-touch-icon.png (127.0.0.1) 2.010000ms referer=None
[I 19:06:11.300 NotebookApp] 302 GET /?token=cdac52fa63f1bbca8476aa3bf8596f6e13e979be6e34b58d%20::%20/root/Min/Ptab (127.0.0.1) 0.760000ms
[I 19:06:11.350 NotebookApp] 302 GET /tree?token=cdac52fa63f1bbca8476aa3bf8596f6e13e979be6e34b58d%20::%20/root/Min/Ptab (127.0.0.1) 1.180000ms
[I 19:06:58.099 NotebookApp] 302 POST /login?next=%2Ftree%3Ftoken%3Dcdac52fa63f1bbca8476aa3bf8596f6e13e979be6e34b58d%2520%3A%3A%2520%2Froot%2FMin%2FPtab (127.0.0.1) 2.000000ms
[I 20:54:52.841 NotebookApp] Saving file at /training_info.py
[I 20:56:36.828 NotebookApp] Kernel started: 6f440ace-6ed9-4fe1-8068-a562be491653, name: mpnn
[I 20:57:54.860 NotebookApp] Saving file at /BH/data_loader.py
[I 20:58:06.890 NotebookApp] Saving file at /BH/data_loader.py
[I 20:58:36.859 NotebookApp] Saving file at /BH/input_test.ipynb
[I 20:58:37.381 NotebookApp] Saving file at /BH/generate_data.py
[I 20:58:40.800 NotebookApp] Saving file at /BH/data_loader.py
[I 21:00:36.908 NotebookApp] Saving file at /BH/input_test.ipynb
[I 21:02:36.917 NotebookApp] Saving file at /BH/input_test.ipynb
[I 21:04:37.237 NotebookApp] Saving file at /BH/input_test.ipynb
[I 21:25:37.946 NotebookApp] Saving file at /training_info.py
[I 21:25:52.449 NotebookApp] Saving file at /training_info.py
[I 21:25:58.033 NotebookApp] Saving file at /training_info.py
[I 21:26:09.808 NotebookApp] Saving file at /training_info.py
[I 21:27:29.927 NotebookApp] Saving file at /BH/data_loader.py
[I 21:27:32.559 NotebookApp] Saving file at /BH/generate_data.py
[W 21:47:07.254 NotebookApp] WebSocket ping timeout after 119931 ms.
[I 21:47:12.258 NotebookApp] Starting buffering for 6f440ace-6ed9-4fe1-8068-a562be491653:6014f1d8b3304b8483e6452f0cc35cb4
[I 22:23:28.874 NotebookApp] Restoring connection for 6f440ace-6ed9-4fe1-8068-a562be491653:6014f1d8b3304b8483e6452f0cc35cb4
[I 22:39:29.941 NotebookApp] Starting buffering for 6f440ace-6ed9-4fe1-8068-a562be491653:6014f1d8b3304b8483e6452f0cc35cb4
[I 22:39:31.186 NotebookApp] Restoring connection for 6f440ace-6ed9-4fe1-8068-a562be491653:6014f1d8b3304b8483e6452f0cc35cb4
[I 23:18:10.083 NotebookApp] Saving file at /training_info.py
[I 23:19:00.651 NotebookApp] Saving file at /BH/input_test.ipynb
[I 23:49:11.005 NotebookApp] Saving file at /training_info.py
[I 00:44:40.031 NotebookApp] Saving file at /training_info.py
[I 00:56:25.089 NotebookApp] Starting buffering for 6f440ace-6ed9-4fe1-8068-a562be491653:6014f1d8b3304b8483e6452f0cc35cb4
[I 10:16:40.737 NotebookApp] Saving file at /training_info.py
[I 10:16:44.279 NotebookApp] Saving file at /training_info.py
[I 16:26:58.168 NotebookApp] Saving file at /training_info.py
[I 16:27:02.100 NotebookApp] Saving file at /training_info.py
[I 16:27:07.126 NotebookApp] Saving file at /training_info.py
[I 17:04:08.136 NotebookApp] Saving file at /training_info.py
[I 17:04:21.249 NotebookApp] Saving file at /training_info.py
[I 17:08:11.585 NotebookApp] Saving file at /training_info.py
[I 23:25:28.676 NotebookApp] Saving file at /training_info.py
[I 23:26:06.791 NotebookApp] Saving file at /training_info.py
[IPKernelApp] WARNING | Parent appears to have exited, shutting down.
